<?xml version="1.0" encoding="UTF-8"?>
<testng-results ignored="0" total="1" passed="1" failed="0" skipped="0">
  <reporter-output>
  </reporter-output>
  <suite started-at="2024-07-24T11:59:39 IST" name="All Test Suite" finished-at="2024-07-24T11:59:44 IST" duration-ms="5017">
    <groups>
    </groups>
    <test started-at="2024-07-24T11:59:39 IST" name="login different web Application" finished-at="2024-07-24T11:59:44 IST" duration-ms="5017">
      <class name="ReportCreation.CreateReportExample">
        <test-method is-config="true" signature="invokeDriver()[pri:0, instance:ReportCreation.CreateReportExample@eadd4fb]" started-at="2024-07-24T11:59:39 IST" name="invokeDriver" finished-at="2024-07-24T11:59:42 IST" duration-ms="2341" status="PASS">
          <reporter-output>
          </reporter-output>
        </test-method> <!-- invokeDriver -->
        <test-method signature="flipKartLogin()[pri:0, instance:ReportCreation.CreateReportExample@eadd4fb]" started-at="2024-07-24T11:59:42 IST" name="flipKartLogin" finished-at="2024-07-24T11:59:44 IST" duration-ms="2600" status="PASS">
          <reporter-output>
          </reporter-output>
        </test-method> <!-- flipKartLogin -->
      </class> <!-- ReportCreation.CreateReportExample -->
    </test> <!-- login different web Application -->
  </suite> <!-- All Test Suite -->
</testng-results>
